#! /usr/bin/vvp
:ivl_version "12.0 (stable)";
:ivl_delay_selection "TYPICAL";
:vpi_time_precision + 0;
:vpi_module "/usr/lib/x86_64-linux-gnu/ivl/system.vpi";
:vpi_module "/usr/lib/x86_64-linux-gnu/ivl/vhdl_sys.vpi";
:vpi_module "/usr/lib/x86_64-linux-gnu/ivl/vhdl_textio.vpi";
:vpi_module "/usr/lib/x86_64-linux-gnu/ivl/v2005_math.vpi";
:vpi_module "/usr/lib/x86_64-linux-gnu/ivl/va_math.vpi";
S_0x5d9b3bb5ad50 .scope module, "display_values" "display_values" 2 1;
 .timescale 0 0;
v0x5d9b3bb35490_0 .var "a", 31 0;
v0x5d9b3bb7e3b0_0 .var "b", 7 0;
v0x5d9b3bb7e490_0 .var "c", 575 0;
    .scope S_0x5d9b3bb5ad50;
T_0 ;
    %pushi/vec4 121, 0, 32;
    %store/vec4 v0x5d9b3bb35490_0, 0, 32;
    %vpi_call 2 11 "$display", "a = %h", v0x5d9b3bb35490_0 {0 0 0};
    %load/vec4 v0x5d9b3bb35490_0;
    %parti/s 8, 0, 2;
    %store/vec4 v0x5d9b3bb7e3b0_0, 0, 8;
    %vpi_call 2 13 "$display", "b = %h", v0x5d9b3bb7e3b0_0 {0 0 0};
    %pushi/vec4 2427178479, 0, 32;
    %concati/vec4 2290649228, 0, 35;
    %concati/vec4 2237558648, 0, 32;
    %concati/vec4 2290649228, 0, 32;
    %concati/vec4 2237558648, 0, 32;
    %concati/vec4 2290649228, 0, 32;
    %concati/vec4 2237558648, 0, 32;
    %concati/vec4 2290649228, 0, 32;
    %concati/vec4 2237558648, 0, 32;
    %concati/vec4 2290649228, 0, 32;
    %concati/vec4 2237558648, 0, 32;
    %concati/vec4 2290649228, 0, 32;
    %concati/vec4 2237558648, 0, 32;
    %concati/vec4 2290649228, 0, 32;
    %concati/vec4 2237558648, 0, 32;
    %concati/vec4 2290649224, 0, 32;
    %concati/vec4 3221225472, 0, 34;
    %concati/vec4 0, 0, 27;
    %store/vec4 v0x5d9b3bb7e490_0, 0, 576;
    %vpi_call 2 16 "$display", "c = %h", &PV<v0x5d9b3bb7e490_0, 32, 544> {0 0 0};
    %vpi_call 2 19 "$finish" {0 0 0};
    %end;
    .thread T_0;
# The file index is used to find the file name in the following table.
:file_names 3;
    "N/A";
    "<interactive>";
    "display_values.v";
